<?xml version="1.0" encoding="UTF-8"?>
<!-- Generated by org.testng.reporters.JUnitReportReporter -->
<testsuite hostname="LTIN185761" failures="0" tests="6" name="com.GSD.testRunner.testNGRunner" time="172.820" errors="0" timestamp="2024-02-14T11:40:11 IST" skipped="0">
  <testcase classname="com.GSD.testRunner.testNGRunner" name="runScenario" time="98.620"/>
  <testcase classname="com.GSD.testRunner.testNGRunner" name="runScenario" time="15.487"/>
  <testcase classname="com.GSD.testRunner.testNGRunner" name="runScenario" time="15.787"/>
  <testcase classname="com.GSD.testRunner.testNGRunner" name="runScenario" time="9.768"/>
  <testcase classname="com.GSD.testRunner.testNGRunner" name="runScenario" time="27.695"/>
  <testcase classname="com.GSD.testRunner.testNGRunner" name="runScenario" time="5.463"/>
</testsuite> <!-- com.GSD.testRunner.testNGRunner -->
